0 info it worked if it ends with ok
1 verbose cli [ '/usr/bin/nodejs', '/usr/bin/npm', 'run-script', 'open:src' ]
2 info using npm@3.10.10
3 info using node@v6.11.2
4 verbose run-script [ 'preopen:src', 'open:src', 'postopen:src' ]
5 info lifecycle pluralsight-redux-starter@1.0.0~preopen:src: pluralsight-redux-starter@1.0.0
6 silly lifecycle pluralsight-redux-starter@1.0.0~preopen:src: no script for preopen:src, continuing
7 info lifecycle pluralsight-redux-starter@1.0.0~open:src: pluralsight-redux-starter@1.0.0
8 verbose lifecycle pluralsight-redux-starter@1.0.0~open:src: unsafe-perm in lifecycle true
9 verbose lifecycle pluralsight-redux-starter@1.0.0~open:src: PATH: /usr/lib/node_modules/npm/bin/node-gyp-bin:/home/nirmal/workspace/pluralsight-redux-starter/node_modules/.bin:/usr/lib/node_modules/npm/bin/node-gyp-bin:/home/nirmal/workspace/pluralsight-redux-starter/node_modules/.bin:/usr/local/sbin:/usr/local/bin:/usr/sbin:/usr/bin:/sbin:/bin:/usr/games:/usr/local/games:/snap/bin
10 verbose lifecycle pluralsight-redux-starter@1.0.0~open:src: CWD: /home/nirmal/workspace/pluralsight-redux-starter
11 silly lifecycle pluralsight-redux-starter@1.0.0~open:src: Args: [ '-c', 'babel-node tools/srcServer.js' ]
12 silly lifecycle pluralsight-redux-starter@1.0.0~open:src: Returned: code: 1  signal: null
13 info lifecycle pluralsight-redux-starter@1.0.0~open:src: Failed to exec open:src script
14 verbose stack Error: pluralsight-redux-starter@1.0.0 open:src: `babel-node tools/srcServer.js`
14 verbose stack Exit status 1
14 verbose stack     at EventEmitter.<anonymous> (/usr/lib/node_modules/npm/lib/utils/lifecycle.js:255:16)
14 verbose stack     at emitTwo (events.js:106:13)
14 verbose stack     at EventEmitter.emit (events.js:191:7)
14 verbose stack     at ChildProcess.<anonymous> (/usr/lib/node_modules/npm/lib/utils/spawn.js:40:14)
14 verbose stack     at emitTwo (events.js:106:13)
14 verbose stack     at ChildProcess.emit (events.js:191:7)
14 verbose stack     at maybeClose (internal/child_process.js:891:16)
14 verbose stack     at Process.ChildProcess._handle.onexit (internal/child_process.js:226:5)
15 verbose pkgid pluralsight-redux-starter@1.0.0
16 verbose cwd /home/nirmal/workspace/pluralsight-redux-starter
17 error Linux 4.10.0-37-generic
18 error argv "/usr/bin/nodejs" "/usr/bin/npm" "run-script" "open:src"
19 error node v6.11.2
20 error npm  v3.10.10
21 error code ELIFECYCLE
22 error pluralsight-redux-starter@1.0.0 open:src: `babel-node tools/srcServer.js`
22 error Exit status 1
23 error Failed at the pluralsight-redux-starter@1.0.0 open:src script 'babel-node tools/srcServer.js'.
23 error Make sure you have the latest version of node.js and npm installed.
23 error If you do, this is most likely a problem with the pluralsight-redux-starter package,
23 error not with npm itself.
23 error Tell the author that this fails on your system:
23 error     babel-node tools/srcServer.js
23 error You can get information on how to open an issue for this project with:
23 error     npm bugs pluralsight-redux-starter
23 error Or if that isn't available, you can get their info via:
23 error     npm owner ls pluralsight-redux-starter
23 error There is likely additional logging output above.
24 verbose exit [ 1, true ]
